;  LST file generated by mikroListExporter - v.2.0 
; Date/Time: 2/27/2011 11:09:46 PM
;----------------------------------------------

;Address Opcode 	ASM
0x0000	0x292D      	GOTO       301
_interrupt:
0x0004	0x00FF      	MOVWF      R15
0x0005	0x0E03      	SWAPF      STATUS, 0
0x0006	0x0183      	CLRF       STATUS
0x0007	0x00C2      	MOVWF      ___saveSTATUS
0x0008	0x080A      	MOVF       PCLATH, 0
0x0009	0x00C3      	MOVWF      ___savePCLATH
0x000A	0x018A      	CLRF       PCLATH
;robo.c,5 :: 		void interrupt()          // Interrupt service routine
;robo.c,7 :: 		if(TMR0IF_BIT==1)
0x000B	0x1D0B      	BTFSS      TMR0IF_bit, 2
0x000C	0x2811      	GOTO       L_interrupt0
;robo.c,9 :: 		count+=1;
0x000D	0x0ABE      	INCF       _count, 1
0x000E	0x1903      	BTFSC      STATUS, 2
0x000F	0x0ABF      	INCF       _count+1, 1
;robo.c,10 :: 		TMR0IF_BIT=0;
0x0010	0x110B      	BCF        TMR0IF_bit, 2
;robo.c,11 :: 		}
L_interrupt0:
;robo.c,13 :: 		}
L__interrupt19:
0x0011	0x0843      	MOVF       ___savePCLATH, 0
0x0012	0x008A      	MOVWF      PCLATH
0x0013	0x0E42      	SWAPF      ___saveSTATUS, 0
0x0014	0x0083      	MOVWF      STATUS
0x0015	0x0EFF      	SWAPF      R15, 1
0x0016	0x0E7F      	SWAPF      R15, 0
0x0017	0x0009      	RETFIE
; end of _interrupt
_delayus:
;robo.c,14 :: 		void delayus(unsigned char  x)
;robo.c,16 :: 		delayus_variable=(unsigned char)x;
0x0018	0x1283      	BCF        STATUS, 5
0x0019	0x1303      	BCF        STATUS, 6
0x001A	0x0847      	MOVF       FARG_delayus_x, 0
0x001B	0x00A2      	MOVWF      _delayus_variable
;robo.c,18 :: 		asm  NOP
0x001C	0x0000      	NOP
;robo.c,19 :: 		asm NOP
0x001D	0x0000      	NOP
;robo.c,20 :: 		asm decfsz _delayus_variable,f
0x001E	0x0BA2      	DECFSZ     _delayus_variable, 1
;robo.c,21 :: 		asm goto $-3
0x001F	0x281C      	GOTO       $-3
;robo.c,22 :: 		}
0x0020	0x0008      	RETURN
; end of _delayus
_____DoICP:
;__Lib_System.c,6 :: 		
;__Lib_System.c,9 :: 		
0x0021	0x1283      	BCF        STATUS, 5
0x0022	0x1303      	BCF        STATUS, 6
0x0023	0x0828      	MOVF       ___DoICPAddr+1, 0
0x0024	0x008A      	MOVWF      PCLATH
;__Lib_System.c,10 :: 		
0x0025	0x0827      	MOVF       ___DoICPAddr, 0
0x0026	0x0082      	MOVWF      PCL
;__Lib_System.c,12 :: 		
0x0027	0x0008      	RETURN
; end of _____DoICP
_UART1_Data_Ready:
;__Lib_UART_c67.c,16 :: 		
;__Lib_UART_c67.c,17 :: 		
0x0028	0x3000      	MOVLW      0
0x0029	0x1283      	BCF        STATUS, 5
0x002A	0x1303      	BCF        STATUS, 6
0x002B	0x1A8C      	BTFSC      PIR1, 5
0x002C	0x3001      	MOVLW      1
0x002D	0x00F0      	MOVWF      R0
;__Lib_UART_c67.c,18 :: 		
0x002E	0x0008      	RETURN
; end of _UART1_Data_Ready
_Mul_16x16_U:
;__Lib_Math.c,136 :: 		
;__Lib_Math.c,143 :: 		
0x002F	0x1283      	BCF        STATUS, 5
;__Lib_Math.c,144 :: 		
0x0030	0x1303      	BCF        STATUS, 6
;__Lib_Math.c,145 :: 		
0x0031	0x01FB      	CLRF       R11
;__Lib_Math.c,146 :: 		
0x0032	0x01FA      	CLRF       R10
;__Lib_Math.c,147 :: 		
0x0033	0x01F9      	CLRF       R9
;__Lib_Math.c,148 :: 		
0x0034	0x3080      	MOVLW      128
;__Lib_Math.c,149 :: 		
0x0035	0x00F8      	MOVWF      R8
;__Lib_Math.c,150 :: 		
0x0036	0x0CF1      	RRF        R1, 1
;__Lib_Math.c,151 :: 		
0x0037	0x0CF0      	RRF        R0, 1
;__Lib_Math.c,152 :: 		
0x0038	0x1C03      	BTFSS      STATUS, 0
;__Lib_Math.c,153 :: 		
0x0039	0x2843      	GOTO       $+10
;__Lib_Math.c,154 :: 		
0x003A	0x0874      	MOVF       R4, 0
;__Lib_Math.c,155 :: 		
0x003B	0x07F9      	ADDWF      R9, 1
;__Lib_Math.c,156 :: 		
0x003C	0x0875      	MOVF       R5, 0
;__Lib_Math.c,157 :: 		
0x003D	0x1803      	BTFSC      STATUS, 0
;__Lib_Math.c,158 :: 		
0x003E	0x0F75      	INCFSZ     R5, 0
;__Lib_Math.c,159 :: 		
0x003F	0x07FA      	ADDWF      R10, 1
;__Lib_Math.c,160 :: 		
0x0040	0x1803      	BTFSC      STATUS, 0
;__Lib_Math.c,161 :: 		
0x0041	0x0AFB      	INCF       R11, 1
;__Lib_Math.c,162 :: 		
0x0042	0x1003      	BCF        STATUS, 0
;__Lib_Math.c,163 :: 		
0x0043	0x1FF0      	BTFSS      R0, 7
;__Lib_Math.c,164 :: 		
0x0044	0x284B      	GOTO       $+7
;__Lib_Math.c,165 :: 		
0x0045	0x0874      	MOVF       R4, 0
;__Lib_Math.c,166 :: 		
0x0046	0x07FA      	ADDWF      R10, 1
;__Lib_Math.c,167 :: 		
0x0047	0x0875      	MOVF       R5, 0
;__Lib_Math.c,168 :: 		
0x0048	0x1803      	BTFSC      STATUS, 0
;__Lib_Math.c,169 :: 		
0x0049	0x0F75      	INCFSZ     R5, 0
;__Lib_Math.c,170 :: 		
0x004A	0x07FB      	ADDWF      R11, 1
;__Lib_Math.c,171 :: 		
0x004B	0x0CFB      	RRF        R11, 1
;__Lib_Math.c,172 :: 		
0x004C	0x0CFA      	RRF        R10, 1
;__Lib_Math.c,173 :: 		
0x004D	0x0CF9      	RRF        R9, 1
;__Lib_Math.c,174 :: 		
0x004E	0x0CF8      	RRF        R8, 1
;__Lib_Math.c,175 :: 		
0x004F	0x1C03      	BTFSS      STATUS, 0
;__Lib_Math.c,176 :: 		
0x0050	0x2836      	GOTO       $-26
;__Lib_Math.c,177 :: 		
0x0051	0x087B      	MOVF       R11, 0
;__Lib_Math.c,178 :: 		
0x0052	0x00F3      	MOVWF      R3
;__Lib_Math.c,179 :: 		
0x0053	0x087A      	MOVF       R10, 0
;__Lib_Math.c,180 :: 		
0x0054	0x00F2      	MOVWF      R2
;__Lib_Math.c,181 :: 		
0x0055	0x0879      	MOVF       R9, 0
;__Lib_Math.c,182 :: 		
0x0056	0x00F1      	MOVWF      R1
;__Lib_Math.c,183 :: 		
0x0057	0x0878      	MOVF       R8, 0
;__Lib_Math.c,184 :: 		
0x0058	0x00F0      	MOVWF      R0
;__Lib_Math.c,187 :: 		
0x0059	0x0008      	RETURN
; end of _Mul_16x16_U
_UART1_Read:
;__Lib_UART_c67.c,22 :: 		
;__Lib_UART_c67.c,24 :: 		
0x005A	0x1283      	BCF        STATUS, 5
0x005B	0x1303      	BCF        STATUS, 6
0x005C	0x081A      	MOVF       RCREG, 0
0x005D	0x00B7      	MOVWF      ___tmp_UART1_Read
;__Lib_UART_c67.c,25 :: 		
0x005E	0x1C98      	BTFSS      RCSTA, 1
0x005F	0x2862      	GOTO       L_UART1_Read2
;__Lib_UART_c67.c,26 :: 		
0x0060	0x1218      	BCF        RCSTA, 4
;__Lib_UART_c67.c,27 :: 		
0x0061	0x1618      	BSF        RCSTA, 4
;__Lib_UART_c67.c,28 :: 		
L_UART1_Read2:
;__Lib_UART_c67.c,29 :: 		
0x0062	0x0837      	MOVF       ___tmp_UART1_Read, 0
0x0063	0x00F0      	MOVWF      R0
;__Lib_UART_c67.c,30 :: 		
0x0064	0x0008      	RETURN
; end of _UART1_Read
_UART1_Init:
;__Lib_UART_c67.c,2 :: 		
;__Lib_UART_c67.c,5 :: 		
0x0065	0x1683      	BSF        STATUS, 5
0x0066	0x1303      	BCF        STATUS, 6
0x0067	0x1698      	BSF        TXSTA, 5
;__Lib_UART_c67.c,6 :: 		
0x0068	0x3090      	MOVLW      144
0x0069	0x1283      	BCF        STATUS, 5
0x006A	0x0098      	MOVWF      RCSTA
;__Lib_UART_c67.c,7 :: 		
0x006B	0x1683      	BSF        STATUS, 5
0x006C	0x1787      	BSF        TRISC7_bit, 7
;__Lib_UART_c67.c,8 :: 		
0x006D	0x1307      	BCF        TRISC6_bit, 6
;__Lib_UART_c67.c,10 :: 		
L_UART1_Init0:
0x006E	0x1283      	BCF        STATUS, 5
0x006F	0x1E8C      	BTFSS      PIR1, 5
0x0070	0x2874      	GOTO       L_UART1_Init1
;__Lib_UART_c67.c,11 :: 		
0x0071	0x081A      	MOVF       RCREG, 0
0x0072	0x00F0      	MOVWF      R0
0x0073	0x286E      	GOTO       L_UART1_Init0
L_UART1_Init1:
;__Lib_UART_c67.c,12 :: 		
0x0074	0x0008      	RETURN
; end of _UART1_Init
___CC2DW:
;__Lib_System.c,24 :: 		
;__Lib_System.c,27 :: 		
_CC2D_Loop1:
;__Lib_System.c,29 :: 		
0x0075	0x2021      	CALL       _____DoICP
0x0076	0x118A      	BCF        PCLATH, 3
0x0077	0x120A      	BCF        PCLATH, 4
;__Lib_System.c,31 :: 		
0x0078	0x0080      	MOVWF      INDF
;__Lib_System.c,32 :: 		
0x0079	0x0A84      	INCF       FSR, 1
;__Lib_System.c,33 :: 		
0x007A	0x0AA7      	INCF       ___DoICPAddr, 1
;__Lib_System.c,35 :: 		
0x007B	0x1903      	BTFSC      STATUS, 2
;__Lib_System.c,36 :: 		
0x007C	0x0AA8      	INCF       ___DoICPAddr+1, 1
;__Lib_System.c,37 :: 		
0x007D	0x03F0      	DECF       R0, 1
;__Lib_System.c,39 :: 		
0x007E	0x1D03      	BTFSS      STATUS, 2
;__Lib_System.c,40 :: 		
0x007F	0x2875      	GOTO       _CC2D_Loop1
;__Lib_System.c,42 :: 		
0x0080	0x0008      	RETURN
; end of ___CC2DW
_Delay:
;robo.c,83 :: 		void Delay(unsigned int cnt)
;robo.c,87 :: 		i = (unsigned char)(cnt>>8);
0x0081	0x1283      	BCF        STATUS, 5
0x0082	0x1303      	BCF        STATUS, 6
0x0083	0x0845      	MOVF       FARG_Delay_cnt+1, 0
0x0084	0x00F0      	MOVWF      R0
0x0085	0x01F1      	CLRF       R0+1
0x0086	0x0870      	MOVF       R0, 0
0x0087	0x00C6      	MOVWF      Delay_i_L0
;robo.c,88 :: 		while(i>=1)
L_Delay9:
0x0088	0x3001      	MOVLW      1
0x0089	0x0246      	SUBWF      Delay_i_L0, 0
0x008A	0x1C03      	BTFSS      STATUS, 0
0x008B	0x2891      	GOTO       L_Delay10
;robo.c,90 :: 		i--;
0x008C	0x03C6      	DECF       Delay_i_L0, 1
;robo.c,91 :: 		delayus(253);
0x008D	0x30FD      	MOVLW      253
0x008E	0x00C7      	MOVWF      FARG_delayus_x
0x008F	0x2018      	CALL       _delayus
;robo.c,92 :: 		}
0x0090	0x2888      	GOTO       L_Delay9
L_Delay10:
;robo.c,93 :: 		delayus((unsigned char)(cnt & 0xFF));
0x0091	0x30FF      	MOVLW      255
0x0092	0x0544      	ANDWF      FARG_Delay_cnt, 0
0x0093	0x00C7      	MOVWF      FARG_delayus_x
0x0094	0x2018      	CALL       _delayus
;robo.c,94 :: 		}
0x0095	0x0008      	RETURN
; end of _Delay
_uart:
;robo.c,24 :: 		void uart()
;robo.c,27 :: 		if(UART1_Data_Ready()==1)
0x0096	0x2028      	CALL       _UART1_Data_Ready
0x0097	0x0870      	MOVF       R0, 0
0x0098	0x3A01      	XORLW      1
0x0099	0x1D03      	BTFSS      STATUS, 2
0x009A	0x292C      	GOTO       L_uart1
;robo.c,31 :: 		output[j]=UART1_Read();
0x009B	0x0840      	MOVF       _j, 0
0x009C	0x3E31      	ADDLW      _output
0x009D	0x00C4      	MOVWF      FLOC__uart
0x009E	0x205A      	CALL       _UART1_Read
0x009F	0x0844      	MOVF       FLOC__uart, 0
0x00A0	0x0084      	MOVWF      FSR
0x00A1	0x0870      	MOVF       R0, 0
0x00A2	0x0080      	MOVWF      INDF
;robo.c,32 :: 		j+=1;
0x00A3	0x0AC0      	INCF       _j, 1
0x00A4	0x1903      	BTFSC      STATUS, 2
0x00A5	0x0AC1      	INCF       _j+1, 1
;robo.c,41 :: 		if (output[5]==43)
0x00A6	0x0836      	MOVF       _output+5, 0
0x00A7	0x3A2B      	XORLW      43
0x00A8	0x1D03      	BTFSS      STATUS, 2
0x00A9	0x292C      	GOTO       L_uart2
;robo.c,43 :: 		j=0;
0x00AA	0x01C0      	CLRF       _j
0x00AB	0x01C1      	CLRF       _j+1
;robo.c,44 :: 		countt[0]=(unsigned int) output[1];
0x00AC	0x0832      	MOVF       _output+1, 0
0x00AD	0x00A9      	MOVWF      _countt
0x00AE	0x01AA      	CLRF       _countt+1
;robo.c,45 :: 		countt[1]=(unsigned int) output[2];
0x00AF	0x0833      	MOVF       _output+2, 0
0x00B0	0x00AB      	MOVWF      _countt+2
0x00B1	0x01AC      	CLRF       _countt+3
;robo.c,46 :: 		countt[2]=(unsigned int) output[3];
0x00B2	0x0834      	MOVF       _output+3, 0
0x00B3	0x00AD      	MOVWF      _countt+4
0x00B4	0x01AE      	CLRF       _countt+5
;robo.c,47 :: 		countt[3]=(unsigned int) output[4];// typecasting the received string to int
0x00B5	0x0835      	MOVF       _output+4, 0
0x00B6	0x00F0      	MOVWF      R0
0x00B7	0x01F1      	CLRF       R0+1
0x00B8	0x0870      	MOVF       R0, 0
0x00B9	0x00AF      	MOVWF      _countt+6
0x00BA	0x0871      	MOVF       R0+1, 0
0x00BB	0x00B0      	MOVWF      _countt+7
;robo.c,48 :: 		countt[0]=countt[0]-48;
0x00BC	0x3030      	MOVLW      48
0x00BD	0x02A9      	SUBWF      _countt, 1
0x00BE	0x1C03      	BTFSS      STATUS, 0
0x00BF	0x03AA      	DECF       _countt+1, 1
;robo.c,49 :: 		countt[1]=countt[1]-48;
0x00C0	0x3030      	MOVLW      48
0x00C1	0x02AB      	SUBWF      _countt+2, 1
0x00C2	0x1C03      	BTFSS      STATUS, 0
0x00C3	0x03AC      	DECF       _countt+3, 1
;robo.c,50 :: 		countt[2]=countt[2]-48;
0x00C4	0x3030      	MOVLW      48
0x00C5	0x02AD      	SUBWF      _countt+4, 1
0x00C6	0x1C03      	BTFSS      STATUS, 0
0x00C7	0x03AE      	DECF       _countt+5, 1
;robo.c,51 :: 		countt[3]=countt[3]-48;
0x00C8	0x3030      	MOVLW      48
0x00C9	0x02F0      	SUBWF      R0, 1
0x00CA	0x1C03      	BTFSS      STATUS, 0
0x00CB	0x03F1      	DECF       R0+1, 1
0x00CC	0x0870      	MOVF       R0, 0
0x00CD	0x00AF      	MOVWF      _countt+6
0x00CE	0x0871      	MOVF       R0+1, 0
0x00CF	0x00B0      	MOVWF      _countt+7
;robo.c,52 :: 		PORTD=countt[3];
0x00D0	0x0870      	MOVF       R0, 0
0x00D1	0x0088      	MOVWF      PORTD
;robo.c,53 :: 		sdelay=(countt[0] * 1000)+(countt[1] * 100)+(countt[2] * 10)+(countt[3]);
0x00D2	0x0829      	MOVF       _countt, 0
0x00D3	0x00F0      	MOVWF      R0
0x00D4	0x082A      	MOVF       _countt+1, 0
0x00D5	0x00F1      	MOVWF      R0+1
0x00D6	0x30E8      	MOVLW      232
0x00D7	0x00F4      	MOVWF      R4
0x00D8	0x3003      	MOVLW      3
0x00D9	0x00F5      	MOVWF      R4+1
0x00DA	0x202F      	CALL       _Mul_16x16_U
0x00DB	0x0870      	MOVF       R0, 0
0x00DC	0x00C4      	MOVWF      FLOC__uart
0x00DD	0x0871      	MOVF       R0+1, 0
0x00DE	0x00C5      	MOVWF      FLOC__uart+1
0x00DF	0x082B      	MOVF       _countt+2, 0
0x00E0	0x00F0      	MOVWF      R0
0x00E1	0x082C      	MOVF       _countt+3, 0
0x00E2	0x00F1      	MOVWF      R0+1
0x00E3	0x3064      	MOVLW      100
0x00E4	0x00F4      	MOVWF      R4
0x00E5	0x3000      	MOVLW      0
0x00E6	0x00F5      	MOVWF      R4+1
0x00E7	0x202F      	CALL       _Mul_16x16_U
0x00E8	0x0870      	MOVF       R0, 0
0x00E9	0x0744      	ADDWF      FLOC__uart, 0
0x00EA	0x00B8      	MOVWF      _sdelay
0x00EB	0x0845      	MOVF       FLOC__uart+1, 0
0x00EC	0x1803      	BTFSC      STATUS, 0
0x00ED	0x3E01      	ADDLW      1
0x00EE	0x0771      	ADDWF      R0+1, 0
0x00EF	0x00B9      	MOVWF      _sdelay+1
0x00F0	0x082D      	MOVF       _countt+4, 0
0x00F1	0x00F0      	MOVWF      R0
0x00F2	0x082E      	MOVF       _countt+5, 0
0x00F3	0x00F1      	MOVWF      R0+1
0x00F4	0x300A      	MOVLW      10
0x00F5	0x00F4      	MOVWF      R4
0x00F6	0x3000      	MOVLW      0
0x00F7	0x00F5      	MOVWF      R4+1
0x00F8	0x202F      	CALL       _Mul_16x16_U
0x00F9	0x0870      	MOVF       R0, 0
0x00FA	0x07B8      	ADDWF      _sdelay, 1
0x00FB	0x0871      	MOVF       R0+1, 0
0x00FC	0x1803      	BTFSC      STATUS, 0
0x00FD	0x3E01      	ADDLW      1
0x00FE	0x07B9      	ADDWF      _sdelay+1, 1
0x00FF	0x082F      	MOVF       _countt+6, 0
0x0100	0x07B8      	ADDWF      _sdelay, 1
0x0101	0x0830      	MOVF       _countt+7, 0
0x0102	0x1803      	BTFSC      STATUS, 0
0x0103	0x3E01      	ADDLW      1
0x0104	0x07B9      	ADDWF      _sdelay+1, 1
;robo.c,55 :: 		output[5]=49;
0x0105	0x3031      	MOVLW      49
0x0106	0x00B6      	MOVWF      _output+5
;robo.c,60 :: 		switch(output[0])          // output[0] is motor no.
0x0107	0x291C      	GOTO       L_uart3
;robo.c,62 :: 		case 49:                   // case for motor 1,49 ascii for 1
L_uart5:
;robo.c,63 :: 		del=sdelay;
0x0108	0x0838      	MOVF       _sdelay, 0
0x0109	0x00A0      	MOVWF      _del
0x010A	0x0839      	MOVF       _sdelay+1, 0
0x010B	0x00A1      	MOVWF      _del+1
;robo.c,64 :: 		break;
0x010C	0x292C      	GOTO       L_uart4
;robo.c,65 :: 		case 50:              //motor2
L_uart6:
;robo.c,66 :: 		d1=sdelay;
0x010D	0x0838      	MOVF       _sdelay, 0
0x010E	0x00A5      	MOVWF      _d1
0x010F	0x0839      	MOVF       _sdelay+1, 0
0x0110	0x00A6      	MOVWF      _d1+1
;robo.c,67 :: 		break;
0x0111	0x292C      	GOTO       L_uart4
;robo.c,68 :: 		case 51:           //motor 3
L_uart7:
;robo.c,69 :: 		d2=sdelay;
0x0112	0x0838      	MOVF       _sdelay, 0
0x0113	0x00A3      	MOVWF      _d2
0x0114	0x0839      	MOVF       _sdelay+1, 0
0x0115	0x00A4      	MOVWF      _d2+1
;robo.c,70 :: 		break;
0x0116	0x292C      	GOTO       L_uart4
;robo.c,71 :: 		case 52:         //motor 4
L_uart8:
;robo.c,72 :: 		d3=sdelay;
0x0117	0x0838      	MOVF       _sdelay, 0
0x0118	0x00BC      	MOVWF      _d3
0x0119	0x0839      	MOVF       _sdelay+1, 0
0x011A	0x00BD      	MOVWF      _d3+1
;robo.c,73 :: 		break;
0x011B	0x292C      	GOTO       L_uart4
;robo.c,76 :: 		}
L_uart3:
0x011C	0x0831      	MOVF       _output, 0
0x011D	0x3A31      	XORLW      49
0x011E	0x1903      	BTFSC      STATUS, 2
0x011F	0x2908      	GOTO       L_uart5
0x0120	0x0831      	MOVF       _output, 0
0x0121	0x3A32      	XORLW      50
0x0122	0x1903      	BTFSC      STATUS, 2
0x0123	0x290D      	GOTO       L_uart6
0x0124	0x0831      	MOVF       _output, 0
0x0125	0x3A33      	XORLW      51
0x0126	0x1903      	BTFSC      STATUS, 2
0x0127	0x2912      	GOTO       L_uart7
0x0128	0x0831      	MOVF       _output, 0
0x0129	0x3A34      	XORLW      52
0x012A	0x1903      	BTFSC      STATUS, 2
0x012B	0x2917      	GOTO       L_uart8
L_uart4:
;robo.c,78 :: 		}
L_uart2:
;robo.c,80 :: 		}
L_uart1:
;robo.c,81 :: 		}
0x012C	0x0008      	RETURN
; end of _uart
_main:
;robo.c,95 :: 		void main()
;robo.c,98 :: 		del=d1=d2=d3=d4=1481;       // initial delay value
0x012D	0x30C9      	MOVLW      201
0x012E	0x1283      	BCF        STATUS, 5
0x012F	0x1303      	BCF        STATUS, 6
0x0130	0x00BA      	MOVWF      _d4
0x0131	0x3005      	MOVLW      5
0x0132	0x00BB      	MOVWF      _d4+1
0x0133	0x30C9      	MOVLW      201
0x0134	0x00BC      	MOVWF      _d3
0x0135	0x3005      	MOVLW      5
0x0136	0x00BD      	MOVWF      _d3+1
0x0137	0x30C9      	MOVLW      201
0x0138	0x00A3      	MOVWF      _d2
0x0139	0x3005      	MOVLW      5
0x013A	0x00A4      	MOVWF      _d2+1
0x013B	0x30C9      	MOVLW      201
0x013C	0x00A5      	MOVWF      _d1
0x013D	0x3005      	MOVLW      5
0x013E	0x00A6      	MOVWF      _d1+1
0x013F	0x30C9      	MOVLW      201
0x0140	0x00A0      	MOVWF      _del
0x0141	0x3005      	MOVLW      5
0x0142	0x00A1      	MOVWF      _del+1
;robo.c,99 :: 		j=0;
0x0143	0x01C0      	CLRF       _j
0x0144	0x01C1      	CLRF       _j+1
;robo.c,100 :: 		count=0;
0x0145	0x01BE      	CLRF       _count
0x0146	0x01BF      	CLRF       _count+1
;robo.c,102 :: 		TRISC=0xC0;   //bits 7 and 6 have to be set to use the USART
0x0147	0x30C0      	MOVLW      192
0x0148	0x1683      	BSF        STATUS, 5
0x0149	0x0087      	MOVWF      TRISC
;robo.c,103 :: 		SPEN_BIT=1;   //SPEN has to be set (Serial Port ENable)
0x014A	0x1283      	BCF        STATUS, 5
0x014B	0x1798      	BSF        SPEN_bit, 7
;robo.c,104 :: 		CREN_BIT=1;   //set the Continuous Receive ENable bit
0x014C	0x1618      	BSF        CREN_bit, 4
;robo.c,105 :: 		PORTC=0;
0x014D	0x0187      	CLRF       PORTC
;robo.c,106 :: 		OPTION_REG=0x84;    //Used for prescaling
0x014E	0x3084      	MOVLW      132
0x014F	0x1683      	BSF        STATUS, 5
0x0150	0x0081      	MOVWF      OPTION_REG
;robo.c,107 :: 		GIE_BIT=1;          // turning on the global interrupt
0x0151	0x178B      	BSF        GIE_bit, 7
;robo.c,108 :: 		PEIE_BIT=1;         // turning on the peripheral interrupt
0x0152	0x170B      	BSF        PEIE_bit, 6
;robo.c,109 :: 		UART1_Init(9600);   // initialising the UART
0x0153	0x3081      	MOVLW      129
0x0154	0x0099      	MOVWF      SPBRG
0x0155	0x1518      	BSF        TXSTA, 2
0x0156	0x2065      	CALL       _UART1_Init
;robo.c,110 :: 		TMR0IE_BIT=1;        // turning on timer interrupt
0x0157	0x168B      	BSF        TMR0IE_bit, 5
;robo.c,111 :: 		TMR0=60;
0x0158	0x303C      	MOVLW      60
0x0159	0x0081      	MOVWF      TMR0
;robo.c,112 :: 		while(1)
L_main11:
;robo.c,114 :: 		switch(count )    //  PWM case for different motor
0x015A	0x2989      	GOTO       L_main13
;robo.c,116 :: 		case 1:           // motor1
L_main15:
;robo.c,117 :: 		RC1_BIT=1;
0x015B	0x1487      	BSF        RC1_bit, 1
;robo.c,118 :: 		uart();        // calling UART function
0x015C	0x2096      	CALL       _uart
;robo.c,119 :: 		Delay(del);
0x015D	0x0820      	MOVF       _del, 0
0x015E	0x00C4      	MOVWF      FARG_Delay_cnt
0x015F	0x0821      	MOVF       _del+1, 0
0x0160	0x00C5      	MOVWF      FARG_Delay_cnt+1
0x0161	0x2081      	CALL       _Delay
;robo.c,120 :: 		RC1_BIT=0;
0x0162	0x1087      	BCF        RC1_bit, 1
;robo.c,122 :: 		TMR0=60;
0x0163	0x303C      	MOVLW      60
0x0164	0x0081      	MOVWF      TMR0
;robo.c,123 :: 		break;
0x0165	0x29A9      	GOTO       L_main14
;robo.c,124 :: 		case 2:            //motor2
L_main16:
;robo.c,125 :: 		RC2_BIT=1;
0x0166	0x1507      	BSF        RC2_bit, 2
;robo.c,126 :: 		uart();
0x0167	0x2096      	CALL       _uart
;robo.c,127 :: 		Delay(d1);
0x0168	0x0825      	MOVF       _d1, 0
0x0169	0x00C4      	MOVWF      FARG_Delay_cnt
0x016A	0x0826      	MOVF       _d1+1, 0
0x016B	0x00C5      	MOVWF      FARG_Delay_cnt+1
0x016C	0x2081      	CALL       _Delay
;robo.c,128 :: 		RC2_BIT=0;
0x016D	0x1107      	BCF        RC2_bit, 2
;robo.c,129 :: 		TMR0=60;
0x016E	0x303C      	MOVLW      60
0x016F	0x0081      	MOVWF      TMR0
;robo.c,130 :: 		break;
0x0170	0x29A9      	GOTO       L_main14
;robo.c,131 :: 		case 3:
L_main17:
;robo.c,133 :: 		RC3_BIT=1;
0x0171	0x1587      	BSF        RC3_bit, 3
;robo.c,134 :: 		uart();
0x0172	0x2096      	CALL       _uart
;robo.c,135 :: 		Delay(d2);
0x0173	0x0823      	MOVF       _d2, 0
0x0174	0x00C4      	MOVWF      FARG_Delay_cnt
0x0175	0x0824      	MOVF       _d2+1, 0
0x0176	0x00C5      	MOVWF      FARG_Delay_cnt+1
0x0177	0x2081      	CALL       _Delay
;robo.c,136 :: 		RC3_BIT=0;
0x0178	0x1187      	BCF        RC3_bit, 3
;robo.c,137 :: 		TMR0=60;
0x0179	0x303C      	MOVLW      60
0x017A	0x0081      	MOVWF      TMR0
;robo.c,138 :: 		break;
0x017B	0x29A9      	GOTO       L_main14
;robo.c,139 :: 		case 4:        //motor4
L_main18:
;robo.c,140 :: 		RC4_BIT=1;
0x017C	0x1607      	BSF        RC4_bit, 4
;robo.c,141 :: 		uart();
0x017D	0x2096      	CALL       _uart
;robo.c,142 :: 		Delay(d3);
0x017E	0x083C      	MOVF       _d3, 0
0x017F	0x00C4      	MOVWF      FARG_Delay_cnt
0x0180	0x083D      	MOVF       _d3+1, 0
0x0181	0x00C5      	MOVWF      FARG_Delay_cnt+1
0x0182	0x2081      	CALL       _Delay
;robo.c,144 :: 		RC4_BIT=0;
0x0183	0x1207      	BCF        RC4_bit, 4
;robo.c,148 :: 		count=0;
0x0184	0x01BE      	CLRF       _count
0x0185	0x01BF      	CLRF       _count+1
;robo.c,149 :: 		TMR0=60;
0x0186	0x303C      	MOVLW      60
0x0187	0x0081      	MOVWF      TMR0
;robo.c,150 :: 		break;
0x0188	0x29A9      	GOTO       L_main14
;robo.c,151 :: 		}
L_main13:
0x0189	0x3000      	MOVLW      0
0x018A	0x063F      	XORWF      _count+1, 0
0x018B	0x1D03      	BTFSS      STATUS, 2
0x018C	0x298F      	GOTO       L__main20
0x018D	0x3001      	MOVLW      1
0x018E	0x063E      	XORWF      _count, 0
L__main20:
0x018F	0x1903      	BTFSC      STATUS, 2
0x0190	0x295B      	GOTO       L_main15
0x0191	0x3000      	MOVLW      0
0x0192	0x063F      	XORWF      _count+1, 0
0x0193	0x1D03      	BTFSS      STATUS, 2
0x0194	0x2997      	GOTO       L__main21
0x0195	0x3002      	MOVLW      2
0x0196	0x063E      	XORWF      _count, 0
L__main21:
0x0197	0x1903      	BTFSC      STATUS, 2
0x0198	0x2966      	GOTO       L_main16
0x0199	0x3000      	MOVLW      0
0x019A	0x063F      	XORWF      _count+1, 0
0x019B	0x1D03      	BTFSS      STATUS, 2
0x019C	0x299F      	GOTO       L__main22
0x019D	0x3003      	MOVLW      3
0x019E	0x063E      	XORWF      _count, 0
L__main22:
0x019F	0x1903      	BTFSC      STATUS, 2
0x01A0	0x2971      	GOTO       L_main17
0x01A1	0x3000      	MOVLW      0
0x01A2	0x063F      	XORWF      _count+1, 0
0x01A3	0x1D03      	BTFSS      STATUS, 2
0x01A4	0x29A7      	GOTO       L__main23
0x01A5	0x3004      	MOVLW      4
0x01A6	0x063E      	XORWF      _count, 0
L__main23:
0x01A7	0x1903      	BTFSC      STATUS, 2
0x01A8	0x297C      	GOTO       L_main18
L_main14:
;robo.c,152 :: 		}
0x01A9	0x295A      	GOTO       L_main11
;robo.c,153 :: 		}
0x01AA	0x29AA      	GOTO       $+0
; end of _main
Symbol List:
//** Routines locations **
//ADDRESS    SIZE    PROCEDURE
//----------------------------------------------
0x0004      [20]    _interrupt
0x0018       [9]    _delayus
0x0021       [7]    _____DoICP
0x0028       [7]    _UART1_Data_Ready
0x002F      [43]    _Mul_16x16_U
0x005A      [11]    _UART1_Read
0x0065      [16]    _UART1_Init
0x0075      [12]    ___CC2DW
0x0081      [21]    _Delay
0x0096     [151]    _uart
0x012D     [126]    _main
//** Variables locations ** 
//ADDRESS    SIZE    VARIABLE
//----------------------------------------------
0x0000       [1]    INDF
0x0001       [1]    TMR0
0x0002       [1]    PCL
0x0003       [0]    RP1_bit
0x0003       [0]    IRP_bit
0x0003       [0]    C_bit
0x0003       [0]    RP0_bit
0x0003       [0]    Z_bit
0x0003       [0]    NOT_PD_bit
0x0003       [0]    NOT_TO_bit
0x0003       [1]    STATUS
0x0003       [0]    DC_bit
0x0004       [1]    FSRPTR
0x0004       [1]    FSR
0x0005       [0]    RA0_bit
0x0005       [0]    RA3_bit
0x0005       [0]    RA5_bit
0x0005       [0]    RA2_bit
0x0005       [1]    PORTA
0x0005       [0]    RA1_bit
0x0005       [0]    RA4_bit
0x0006       [0]    RB1_bit
0x0006       [0]    RB4_bit
0x0006       [0]    RB3_bit
0x0006       [0]    RB5_bit
0x0006       [0]    RB7_bit
0x0006       [1]    PORTB
0x0006       [0]    RB0_bit
0x0006       [0]    RB6_bit
0x0006       [0]    RB2_bit
0x0007       [0]    RC6_bit
0x0007       [0]    RC0_bit
0x0007       [0]    RC1_bit
0x0007       [0]    RC2_bit
0x0007       [0]    RC4_bit
0x0007       [1]    PORTC
0x0007       [0]    RC3_bit
0x0007       [0]    RC5_bit
0x0007       [0]    RC7_bit
0x0008       [0]    RD6_bit
0x0008       [0]    RD4_bit
0x0008       [0]    RD5_bit
0x0008       [0]    RD7_bit
0x0008       [0]    RD1_bit
0x0008       [0]    RD2_bit
0x0008       [1]    PORTD
0x0008       [0]    RD0_bit
0x0008       [0]    RD3_bit
0x0009       [0]    RE2_bit
0x0009       [1]    PORTE
0x0009       [0]    RE1_bit
0x0009       [0]    RE0_bit
0x000A       [1]    PCLATH
0x000B       [0]    GIE_bit
0x000B       [0]    T0IE_bit
0x000B       [0]    TMR0IE_bit
0x000B       [0]    INTF_bit
0x000B       [0]    PEIE_bit
0x000B       [1]    INTCON
0x000B       [0]    TMR0IF_bit
0x000B       [0]    INTE_bit
0x000B       [0]    RBIE_bit
0x000B       [0]    T0IF_bit
0x000B       [0]    RBIF_bit
0x000C       [0]    CCP1IF_bit
0x000C       [1]    PIR1
0x000C       [0]    TMR1IF_bit
0x000C       [0]    TMR2IF_bit
0x000C       [0]    RCIF_bit
0x000C       [0]    ADIF_bit
0x000C       [0]    PSPIF_bit
0x000C       [0]    SSPIF_bit
0x000C       [0]    TXIF_bit
0x000D       [0]    CCP2IF_bit
0x000D       [1]    PIR2
0x000D       [0]    BCLIF_bit
0x000D       [0]    CMIF_bit
0x000D       [0]    EEIF_bit
0x000E       [1]    TMR1L
0x000F       [1]    TMR1H
0x0010       [0]    T1SYNC_bit
0x0010       [0]    T1INSYNC_bit
0x0010       [0]    TMR1ON_bit
0x0010       [0]    TMR1CS_bit
0x0010       [0]    NOT_T1SYNC_bit
0x0010       [0]    T1CKPS1_bit
0x0010       [1]    T1CON
0x0010       [0]    T1OSCEN_bit
0x0010       [0]    T1CKPS0_bit
0x0011       [1]    TMR2
0x0012       [0]    TMR2ON_bit
0x0012       [1]    T2CON
0x0012       [0]    TOUTPS0_bit
0x0012       [0]    T2CKPS1_bit
0x0012       [0]    TOUTPS1_bit
0x0012       [0]    T2CKPS0_bit
0x0012       [0]    TOUTPS3_bit
0x0012       [0]    TOUTPS2_bit
0x0013       [1]    SSPBUF
0x0014       [1]    SSPCON
0x0014       [0]    SSPOV_bit
0x0014       [0]    WCOL_bit
0x0014       [0]    SSPEN_bit
0x0014       [0]    SSPM0_bit
0x0014       [0]    SSPM3_bit
0x0014       [0]    SSPM1_bit
0x0014       [0]    SSPM2_bit
0x0014       [0]    CKP_bit
0x0015       [1]    CCPR1L
0x0016       [1]    CCPR1H
0x0017       [1]    CCP1CON
0x0017       [0]    CCP1M3_bit
0x0017       [0]    CCP1M0_bit
0x0017       [0]    CCP1M1_bit
0x0017       [0]    CCP1M2_bit
0x0017       [0]    CCP1X_bit
0x0017       [0]    CCP1Y_bit
0x0018       [0]    RX9D_bit
0x0018       [0]    FERR_bit
0x0018       [0]    OERR_bit
0x0018       [0]    NOT_RC8_bit
0x0018       [0]    RC8_9_bit
0x0018       [0]    SREN_bit
0x0018       [0]    ADDEN_bit
0x0018       [0]    RC9_bit
0x0018       [0]    CREN_bit
0x0018       [0]    SPEN_bit
0x0018       [1]    RCSTA
0x0018       [0]    RX9_bit
0x0018       [0]    RCD8_bit
0x0019       [1]    TXREG
0x001A       [1]    RCREG
0x001B       [1]    CCPR2L
0x001C       [1]    CCPR2H
0x001D       [1]    CCP2CON
0x001D       [0]    CCP2M0_bit
0x001D       [0]    CCP2Y_bit
0x001D       [0]    CCP2X_bit
0x001D       [0]    CCP2M3_bit
0x001D       [0]    CCP2M1_bit
0x001D       [0]    CCP2M2_bit
0x001E       [1]    ADRESH
0x001F       [0]    CHS0_bit
0x001F       [0]    CHS1_bit
0x001F       [0]    CHS2_bit
0x001F       [0]    GO_bit
0x001F       [0]    ADON_bit
0x001F       [0]    GO_DONE_bit
0x001F       [0]    NOT_DONE_bit
0x001F       [1]    ADCON0
0x001F       [0]    ADCS1_bit
0x001F       [0]    ADCS0_bit
0x0020       [2]    _del
0x0022       [1]    _delayus_variable
0x0023       [2]    _d2
0x0025       [2]    _d1
0x0027       [2]    ___DoICPAddr
0x0029       [8]    _countt
0x0031       [6]    _output
0x0037       [1]    ___tmp_UART1_Read
0x0038       [2]    _sdelay
0x003A       [2]    _d4
0x003C       [2]    _d3
0x003E       [2]    _count
0x0040       [2]    _j
0x0042       [1]    ___saveSTATUS
0x0043       [1]    ___savePCLATH
0x0044       [2]    FARG_Delay_cnt
0x0044       [2]    FLOC__uart
0x0046       [1]    Delay_i_L0
0x0047       [1]    FARG_delayus_x
0x0070       [1]    R0
0x0071       [1]    R1
0x0072       [1]    R2
0x0073       [1]    R3
0x0074       [1]    R4
0x0075       [1]    R5
0x0076       [1]    R6
0x0077       [1]    R7
0x0078       [1]    R8
0x0079       [1]    R9
0x007A       [1]    R10
0x007B       [1]    R11
0x007C       [1]    R12
0x007D       [1]    R13
0x007E       [1]    R14
0x007F       [1]    R15
0x0081       [1]    OPTION_REG
0x0081       [0]    T0CS_bit
0x0081       [0]    PS0_bit
0x0081       [0]    PS2_bit
0x0081       [0]    T0SE_bit
0x0081       [0]    PS1_bit
0x0081       [0]    NOT_RBPU_bit
0x0081       [0]    PSA_bit
0x0081       [0]    INTEDG_bit
0x0085       [0]    TRISA4_bit
0x0085       [1]    TRISA
0x0085       [0]    TRISA0_bit
0x0085       [0]    TRISA3_bit
0x0085       [0]    TRISA5_bit
0x0085       [0]    TRISA1_bit
0x0085       [0]    TRISA2_bit
0x0086       [0]    TRISB6_bit
0x0086       [0]    TRISB7_bit
0x0086       [1]    TRISB
0x0086       [0]    TRISB5_bit
0x0086       [0]    TRISB3_bit
0x0086       [0]    TRISB0_bit
0x0086       [0]    TRISB4_bit
0x0086       [0]    TRISB2_bit
0x0086       [0]    TRISB1_bit
0x0087       [0]    TRISC0_bit
0x0087       [0]    TRISC6_bit
0x0087       [0]    TRISC3_bit
0x0087       [0]    TRISC2_bit
0x0087       [0]    TRISC7_bit
0x0087       [0]    TRISC1_bit
0x0087       [0]    TRISC5_bit
0x0087       [0]    TRISC4_bit
0x0087       [1]    TRISC
0x0088       [0]    TRISD6_bit
0x0088       [0]    TRISD1_bit
0x0088       [1]    TRISD
0x0088       [0]    TRISD3_bit
0x0088       [0]    TRISD5_bit
0x0088       [0]    TRISD2_bit
0x0088       [0]    TRISD0_bit
0x0088       [0]    TRISD7_bit
0x0088       [0]    TRISD4_bit
0x0089       [0]    IBF_TRISE_bit
0x0089       [0]    OBF_TRISE_bit
0x0089       [0]    IBF_bit
0x0089       [0]    PSPMODE_bit
0x0089       [0]    IBOV_bit
0x0089       [0]    OBF_bit
0x0089       [1]    TRISE
0x0089       [0]    TRISE1_bit
0x0089       [0]    TRISE0_bit
0x0089       [0]    IBOV_TRISE_bit
0x0089       [0]    PSPMODE_TRISE_bit
0x0089       [0]    TRISE2_bit
0x008C       [0]    TMR2IE_bit
0x008C       [0]    CCP1IE_bit
0x008C       [1]    PIE1
0x008C       [0]    TMR1IE_bit
0x008C       [0]    SSPIE_bit
0x008C       [0]    ADIE_bit
0x008C       [0]    PSPIE_bit
0x008C       [0]    TXIE_bit
0x008C       [0]    RCIE_bit
0x008D       [0]    CCP2IE_bit
0x008D       [1]    PIE2
0x008D       [0]    CMIE_bit
0x008D       [0]    EEIE_bit
0x008D       [0]    BCLIE_bit
0x008E       [1]    PCON
0x008E       [0]    NOT_BOR_bit
0x008E       [0]    NOT_BO_bit
0x008E       [0]    NOT_POR_bit
0x0091       [0]    RSEN_bit
0x0091       [0]    SEN_bit
0x0091       [1]    SSPCON2
0x0091       [0]    ACKDT_bit
0x0091       [0]    ACKSTAT_bit
0x0091       [0]    GCEN_bit
0x0091       [0]    PEN_bit
0x0091       [0]    RCEN_bit
0x0091       [0]    ACKEN_bit
0x0092       [1]    PR2
0x0093       [1]    SSPADD
0x0094       [1]    SSPSTAT
0x0094       [0]    P_bit
0x0094       [0]    I2C_STOP__bit
0x0094       [0]    S_bit
0x0094       [0]    DATA_ADDRESS_bit
0x0094       [0]    NOT_A_bit
0x0094       [0]    NOT_ADDRESS_bit
0x0094       [0]    D_A_bit
0x0094       [0]    I2C_START__bit
0x0094       [0]    R_W_bit
0x0094       [0]    READ_WRITE_bit
0x0094       [0]    UA_bit
0x0094       [0]    NOT_WRITE_bit
0x0094       [0]    R_bit
0x0094       [0]    I2C_READ_bit
0x0094       [0]    NOT_W_bit
0x0094       [0]    I2C_DATA_bit
0x0094       [0]    SMP_bit
0x0094       [0]    BF_bit
0x0094       [0]    D_bit
0x0094       [0]    CKE_bit
0x0098       [0]    TRMT_bit
0x0098       [0]    BRGH_bit
0x0098       [0]    TXD8_bit
0x0098       [0]    TX9D_bit
0x0098       [0]    SYNC_bit
0x0098       [0]    TX9_bit
0x0098       [0]    CSRC_bit
0x0098       [0]    NOT_TX8_bit
0x0098       [0]    TXEN_bit
0x0098       [0]    TX8_9_bit
0x0098       [1]    TXSTA
0x0099       [1]    SPBRG
0x009C       [0]    C2INV_bit
0x009C       [0]    CM0_bit
0x009C       [0]    C2OUT_bit
0x009C       [0]    C1OUT_bit
0x009C       [0]    C1INV_bit
0x009C       [0]    CM2_bit
0x009C       [0]    CM1_bit
0x009C       [1]    CMCON
0x009C       [0]    CIS_bit
0x009D       [0]    CVR2_bit
0x009D       [0]    CVR1_bit
0x009D       [0]    CVR0_bit
0x009D       [0]    CVR3_bit
0x009D       [0]    CVREN_bit
0x009D       [0]    CVROE_bit
0x009D       [0]    CVRR_bit
0x009D       [1]    CVRCON
0x009E       [1]    ADRESL
0x009F       [0]    PCFG3_bit
0x009F       [0]    ADCS2_bit
0x009F       [0]    ADFM_bit
0x009F       [0]    PCFG2_bit
0x009F       [0]    PCFG1_bit
0x009F       [0]    PCFG0_bit
0x009F       [1]    ADCON1
0x010C       [1]    EEDATA
0x010D       [1]    EEADR
0x010E       [1]    EEDATH
0x010F       [1]    EEADRH
0x018C       [0]    WR_bit
0x018C       [0]    RD_bit
0x018C       [0]    WREN_bit
0x018C       [1]    EECON1
0x018C       [0]    EEPGD_bit
0x018C       [0]    WRERR_bit
0x018D       [1]    EECON2
//** Label List: ** 
//----------------------------------------------
  L_interrupt0
  L_uart1
  L_uart2
  L_uart3
  L_uart4
  L_uart5
  L_uart6
  L_uart7
  L_uart8
  L_Delay9
  L_Delay10
  L_main11
  L_main12
  L_main13
  L_main14
  L_main15
  L_main16
  L_main17
  L_main18
  _interrupt
  L__interrupt19
  _delayus
  _uart
  _Delay
  _main
  L__main20
  L__main21
  L__main22
  L__main23
  LOOPS3232A
  SADD22LA
  SOK22LA
  SADD22L8
  SOK22L8
  LOOPS3232B
  SADD22LB
  SOK22LB
  SADD22L16
  SOK22L16
  LOOPS3232C
  SADD22LC
  SOK22LC
  SADD22L24
  SOK22L24
  LOOPS3232D
  SADD22LD
  SOK22LD
  SOK22L
  FXD3232S
  END_ALL
  CA3232S
  C3232SX
  C3232SX1
  C3232S
  C3232S2
  C3232SX4
  C3232SOK
  C3232SX3
  C3232SX2
  avoid_comfrem
  LOOPU3232A
  UADD22LA
  UOK22LA
  UADD22L8
  UOK22L8
  LOOPU3232B
  UADD22LB
  UOK22LB
  UADD22L16
  UOK22L16
  LOOPU3232C
  UADD22LC
  UOK22LC
  UADD22L24
  UOK22L24
  LOOPU3232D
  UADD22LD
  UOK22LD
  UOK22L
  _NEXT
  _EXIT2
  _LOOP
  _EXIT1
  _IF_FIRST
  _IF_SECOND
  _INVERCE_FIRST
  _MULT
  _INBERSE_SECOND
  _EXIT
  _Mul_8x8_U
  _Mul_16x16_U
  _Div_8x8_U
  _Div_16x16_U
  _Mul_8x8_S
  _Mul_16x16_S
  _Div_16x16_S_L
  _Div_16x16_S
  _Div_8x8_S
  _SDIV3232L
  _COMFREM
  _Div_32x32_S
  _Div_32x32_U
  _Mul_32x32_U
  _Mul_32x32_S
  _CC2D_Loop1
  _____DoICP
  _____DoIFC
  ___CC2DW
  L_UART1_Init0
  L_UART1_Init1
  L_UART1_Read2
  L_UART1_Write3
  L_UART1_Write4
  L_UART1_Write_Text5
  L_UART1_Write_Text6
  L_UART1_Read_Text7
  L_UART1_Read_Text8
  L_UART1_Read_Text9
  L_UART1_Read_Text10
  L_UART1_Read_Text11
  L_UART1_Read_Text12
  L_UART1_Read_Text13
  L_UART1_Read_Text14
  L_UART1_Read_Text15
  _UART1_Init
  _UART1_Data_Ready
  _UART1_Read
  _UART1_Tx_Idle
  _UART1_Write
  _UART1_Write_Text
  _UART1_Read_Text
  L_interrupt0
  L_uart1
  L_uart2
  L_uart3
  L_uart4
  L_uart5
  L_uart6
  L_uart7
  L_uart8
  L_Delay9
  L_Delay10
  L_main11
  L_main12
  L_main13
  L_main14
  L_main15
  L_main16
  L_main17
  L_main18
  _interrupt
  L__interrupt19
  _delayus
  _uart
  _Delay
  _main
  L__main20
  L__main21
  L__main22
  L__main23
